0 info it worked if it ends with ok
1 verbose cli [ '/home/ubuntu/.nvm/versions/node/v6.11.2/bin/node',
1 verbose cli   '/home/ubuntu/.nvm/versions/node/v6.11.2/bin/npm',
1 verbose cli   'publish' ]
2 info using npm@3.10.10
3 info using node@v6.11.2
4 verbose publish [ '.' ]
5 silly cache add args [ '.', null ]
6 verbose cache add spec .
7 silly cache add parsed spec Result {
7 silly cache add   raw: '.',
7 silly cache add   scope: null,
7 silly cache add   escapedName: null,
7 silly cache add   name: null,
7 silly cache add   rawSpec: '.',
7 silly cache add   spec: '/home/ubuntu/workspace/plunderbot',
7 silly cache add   type: 'directory' }
8 verbose addLocalDirectory /home/ubuntu/.npm/plunderbot/0.0.2/package.tgz not in flight; packing
9 verbose correctMkdir /home/ubuntu/.npm correctMkdir not in flight; initializing
10 info lifecycle plunderbot@0.0.2~prepublish: plunderbot@0.0.2
11 silly lifecycle plunderbot@0.0.2~prepublish: no script for prepublish, continuing
12 verbose tar pack [ '/home/ubuntu/.npm/plunderbot/0.0.2/package.tgz',
12 verbose tar pack   '/home/ubuntu/workspace/plunderbot' ]
13 verbose tarball /home/ubuntu/.npm/plunderbot/0.0.2/package.tgz
14 verbose folder /home/ubuntu/workspace/plunderbot
15 verbose addLocalTarball adding from inside cache /home/ubuntu/.npm/plunderbot/0.0.2/package.tgz
16 verbose correctMkdir /home/ubuntu/.npm correctMkdir not in flight; initializing
17 silly cache afterAdd plunderbot@0.0.2
18 verbose afterAdd /home/ubuntu/.npm/plunderbot/0.0.2/package/package.json not in flight; writing
19 verbose correctMkdir /home/ubuntu/.npm correctMkdir not in flight; initializing
20 verbose afterAdd /home/ubuntu/.npm/plunderbot/0.0.2/package/package.json written
21 silly publish { name: 'plunderbot',
21 silly publish   version: '0.0.2',
21 silly publish   description: 'A bot for buying low and selling high',
21 silly publish   main: 'index.js',
21 silly publish   scripts: { test: 'echo "Error: no test specified" && exit 1' },
21 silly publish   repository:
21 silly publish    { type: 'git',
21 silly publish      url: 'git+https://github.com/ProjectOpenSea/plunderbot.git' },
21 silly publish   keywords: [ 'opensea', 'ethereum', 'cryptokitties', 'plunderbot' ],
21 silly publish   author: { name: 'Joseph Schiarizzi' },
21 silly publish   license: 'MIT',
21 silly publish   bugs: { url: 'https://github.com/ProjectOpenSea/plunderbot/issues' },
21 silly publish   homepage: 'https://github.com/ProjectOpenSea/plunderbot#readme',
21 silly publish   readme: '# plunderbot\nAn bot that finds arbitrage opportunities on OpenSea and plunders them for profit. Uses OpenSea.js\n',
21 silly publish   readmeFilename: 'README.md',
21 silly publish   gitHead: 'b5363ad965b2f2b1b798b2c8954977753fbe9825',
21 silly publish   _id: 'plunderbot@0.0.2',
21 silly publish   _shasum: '3851b035e9807d307a71ad64f129f025dc0d4725',
21 silly publish   _from: '.' }
22 verbose getPublishConfig undefined
23 silly mapToRegistry name plunderbot
24 silly mapToRegistry using default registry
25 silly mapToRegistry registry https://registry.npmjs.org/
26 silly mapToRegistry data Result {
26 silly mapToRegistry   raw: 'plunderbot',
26 silly mapToRegistry   scope: null,
26 silly mapToRegistry   escapedName: 'plunderbot',
26 silly mapToRegistry   name: 'plunderbot',
26 silly mapToRegistry   rawSpec: '',
26 silly mapToRegistry   spec: 'latest',
26 silly mapToRegistry   type: 'tag' }
27 silly mapToRegistry uri https://registry.npmjs.org/plunderbot
28 verbose publish registryBase https://registry.npmjs.org/
29 silly publish uploading /home/ubuntu/.npm/plunderbot/0.0.2/package.tgz
30 verbose request uri https://registry.npmjs.org/plunderbot
31 verbose request sending authorization for write operation
32 info attempt registry request try #1 at 6:34:41 PM
33 verbose request using bearer token for auth
34 verbose request id 3574f4b7a8ae9476
35 http request PUT https://registry.npmjs.org/plunderbot
36 http 403 https://registry.npmjs.org/plunderbot
37 verbose headers { date: 'Wed, 21 Nov 2018 18:34:42 GMT',
37 verbose headers   'content-type': 'application/json',
37 verbose headers   'transfer-encoding': 'chunked',
37 verbose headers   connection: 'keep-alive',
37 verbose headers   'set-cookie': [ '__cfduid=d7a05ab9e428377ad4a88385759f82fee1542825281; expires=Thu, 21-Nov-19 18:34:41 GMT; path=/; domain=.registry.npmjs.org; HttpOnly' ],
37 verbose headers   'cf-ray': '47d5407bea07712b-ORD',
37 verbose headers   'expect-ct': 'max-age=604800, report-uri="https://report-uri.cloudflare.com/cdn-cgi/beacon/expect-ct"',
37 verbose headers   vary: 'Accept-Encoding',
37 verbose headers   server: 'cloudflare',
37 verbose headers   'content-encoding': 'gzip' }
38 verbose request invalidating /home/ubuntu/.npm/registry.npmjs.org/plunderbot on PUT
39 error publish Failed PUT 403
40 verbose stack Error: You cannot publish over the previously published versions: 0.0.2. : plunderbot
40 verbose stack     at makeError (/home/ubuntu/.nvm/versions/node/v6.11.2/lib/node_modules/npm/node_modules/npm-registry-client/lib/request.js:302:12)
40 verbose stack     at CachingRegistryClient.<anonymous> (/home/ubuntu/.nvm/versions/node/v6.11.2/lib/node_modules/npm/node_modules/npm-registry-client/lib/request.js:290:14)
40 verbose stack     at /home/ubuntu/.nvm/versions/node/v6.11.2/lib/node_modules/npm/node_modules/npm-registry-client/lib/request.js:216:7
40 verbose stack     at Gunzip.onEnd (zlib.js:227:5)
40 verbose stack     at emitNone (events.js:91:20)
40 verbose stack     at Gunzip.emit (events.js:185:7)
40 verbose stack     at endReadableNT (_stream_readable.js:974:12)
40 verbose stack     at _combinedTickCallback (internal/process/next_tick.js:80:11)
40 verbose stack     at process._tickCallback (internal/process/next_tick.js:104:9)
41 verbose statusCode 403
42 verbose pkgid plunderbot
43 verbose cwd /home/ubuntu/workspace/plunderbot
44 error Linux 4.9.120-c9
45 error argv "/home/ubuntu/.nvm/versions/node/v6.11.2/bin/node" "/home/ubuntu/.nvm/versions/node/v6.11.2/bin/npm" "publish"
46 error node v6.11.2
47 error npm  v3.10.10
48 error code E403
49 error You cannot publish over the previously published versions: 0.0.2. : plunderbot
50 error If you need help, you may report this error at:
50 error     <https://github.com/npm/npm/issues>
51 verbose exit [ 1, true ]
